TN:
SF:/Users/dengwenbin/myWorkspace/owl-ui/src/index.js
FN:8,(anonymous_0)
FN:14,(anonymous_1)
FN:17,(anonymous_2)
FNF:3
FNH:3
FNDA:7,(anonymous_0)
FNDA:1,(anonymous_1)
FNDA:7,(anonymous_2)
DA:4,1
DA:6,1
DA:8,1
DA:9,7
DA:10,7
DA:11,7
DA:14,1
DA:15,1
DA:17,1
DA:18,7
DA:19,7
DA:23,1
DA:24,0
DA:27,1
DA:32,1
LF:15
LH:14
BRDA:11,0,0,7
BRDA:11,0,1,0
BRDA:14,1,0,1
BRDA:15,2,0,0
BRDA:15,2,1,1
BRDA:23,3,0,0
BRDA:23,3,1,1
BRDA:23,4,0,1
BRDA:23,4,1,1
BRF:9
BRH:6
end_of_record
TN:
SF:/Users/dengwenbin/myWorkspace/owl-ui/packages/button/src/main.vue
FNF:0
FNH:0
LF:0
LH:0
BRF:0
BRH:0
end_of_record
TN:
SF:/Users/dengwenbin/myWorkspace/owl-ui/packages/dialog/src/main.vue
FN:48,(anonymous_0)
FNF:1
FNH:0
FNDA:0,(anonymous_0)
DA:48,0
DA:53,4
DA:56,0
LF:3
LH:1
BRDA:53,0,0,4
BRDA:53,0,1,4
BRDA:53,1,0,4
BRDA:53,1,1,4
BRDA:56,2,0,0
BRDA:56,2,1,0
BRF:6
BRH:4
end_of_record
TN:
SF:/Users/dengwenbin/myWorkspace/owl-ui/src/common/mixins/visibility.js
FN:19,(anonymous_0)
FN:23,(anonymous_1)
FNF:2
FNH:2
FNDA:15,(anonymous_0)
FNDA:15,(anonymous_1)
DA:1,1
DA:27,13
DA:33,12
DA:36,7
DA:41,6
DA:42,6
DA:46,15
DA:47,15
DA:48,9
LF:9
LH:9
BRDA:46,0,0,2
BRDA:46,0,1,13
BRDA:47,1,0,9
BRDA:47,1,1,6
BRDA:48,2,0,2
BRDA:48,2,1,7
BRF:6
BRH:6
end_of_record
TN:
SF:/Users/dengwenbin/myWorkspace/owl-ui/src/utils/create-api/index.js
FN:6,install
FN:9,(anonymous_1)
FN:24,processComponentName
FNF:3
FNH:3
FNDA:1,install
FNDA:3,(anonymous_1)
FNDA:3,processComponentName
DA:7,1
DA:9,1
DA:10,3
DA:11,3
DA:12,3
DA:14,3
DA:15,3
DA:19,3
DA:20,3
DA:25,3
DA:26,3
DA:27,3
DA:28,3
DA:29,3
DA:30,3
LF:15
LH:15
BRDA:6,0,0,1
BRDA:7,1,0,1
BRDA:7,2,0,1
BRDA:9,3,0,2
BRDA:9,4,0,2
BRDA:10,5,0,3
BRDA:10,5,1,0
BRF:7
BRH:6
end_of_record
TN:
SF:/Users/dengwenbin/myWorkspace/owl-ui/src/utils/create-api/util.js
FN:3,lowerCaseFirst
FN:7,camelize
FN:8,(anonymous_2)
FN:13,escapeReg
FN:17,isBoolean
FN:21,isObject
FN:25,isUndef
FN:29,isStr
FN:33,isFunction
FNF:9
FNH:6
FNDA:3,lowerCaseFirst
FNDA:3,camelize
FNDA:0,(anonymous_2)
FNDA:0,escapeReg
FNDA:3,isBoolean
FNDA:0,isObject
FNDA:4,isUndef
FNDA:1,isStr
FNDA:2,isFunction
DA:1,1
DA:4,3
DA:8,3
DA:9,0
DA:14,0
DA:18,3
DA:22,0
DA:26,4
DA:30,1
DA:34,2
LF:10
LH:7
BRDA:9,0,0,0
BRDA:9,0,1,0
BRDA:14,1,0,0
BRDA:14,1,1,0
BRDA:22,2,0,0
BRDA:22,2,1,0
BRF:6
BRH:0
end_of_record
TN:
SF:/Users/dengwenbin/myWorkspace/owl-ui/src/utils/create-api/debug.js
FN:1,warn
FN:5,assert
FN:11,tip
FNF:3
FNH:1
FNDA:0,warn
FNDA:3,assert
FNDA:0,tip
DA:2,0
DA:6,3
DA:7,0
DA:12,0
LF:4
LH:1
BRDA:6,0,0,0
BRDA:6,0,1,3
BRF:2
BRH:1
end_of_record
TN:
SF:/Users/dengwenbin/myWorkspace/owl-ui/src/utils/create-api/creator.js
FN:7,apiCreator
FN:13,createComponent
FN:14,(anonymous_2)
FN:29,(anonymous_3)
FN:41,(anonymous_4)
FN:47,(anonymous_5)
FN:62,processProps
FN:69,(anonymous_7)
FN:81,(anonymous_8)
FN:83,(anonymous_9)
FN:94,processEvents
FN:99,(anonymous_11)
FN:109,process$
FN:111,(anonymous_13)
FN:119,cancelWatchProps
FN:121,(anonymous_15)
FN:158,(anonymous_16)
FN:169,beforeDestroy
FNF:18
FNH:14
FNDA:3,apiCreator
FNDA:2,createComponent
FNDA:0,(anonymous_2)
FNDA:1,(anonymous_3)
FNDA:3,(anonymous_4)
FNDA:2,(anonymous_5)
FNDA:2,processProps
FNDA:1,(anonymous_7)
FNDA:1,(anonymous_8)
FNDA:0,(anonymous_9)
FNDA:2,processEvents
FNDA:1,(anonymous_11)
FNDA:2,process$
FNDA:3,(anonymous_13)
FNDA:1,cancelWatchProps
FNDA:0,(anonymous_15)
FNDA:0,(anonymous_16)
FNDA:1,beforeDestroy
DA:5,1
DA:8,3
DA:10,3
DA:11,3
DA:14,2
DA:15,0
DA:17,2
DA:18,2
DA:19,2
DA:20,0
DA:21,0
DA:22,0
DA:23,0
DA:25,2
DA:26,2
DA:27,2
DA:29,2
DA:30,1
DA:31,1
DA:32,0
DA:34,1
DA:36,1
DA:37,1
DA:40,2
DA:41,2
DA:42,3
DA:43,3
DA:46,2
DA:47,2
DA:48,2
DA:49,2
DA:52,2
DA:53,2
DA:57,2
DA:59,2
DA:63,2
DA:64,2
DA:65,1
DA:67,1
DA:68,1
DA:69,1
DA:70,1
DA:71,1
DA:73,0
DA:74,0
DA:75,0
DA:77,1
DA:80,1
DA:81,1
DA:82,1
DA:83,1
DA:84,0
DA:86,1
DA:88,1
DA:95,2
DA:96,2
DA:97,1
DA:99,1
DA:100,1
DA:101,1
DA:102,0
DA:104,1
DA:110,2
DA:111,2
DA:112,3
DA:113,0
DA:114,0
DA:120,1
DA:121,1
DA:122,0
DA:124,1
DA:128,3
DA:130,0
DA:133,2
DA:134,2
DA:135,2
DA:138,2
DA:139,2
DA:142,2
DA:143,2
DA:144,2
DA:146,2
DA:148,2
DA:149,2
DA:150,2
DA:154,2
DA:156,2
DA:158,2
DA:159,0
DA:161,2
DA:162,2
DA:164,2
DA:166,2
DA:167,1
DA:170,1
DA:171,1
DA:172,1
DA:175,2
DA:179,3
LF:99
LH:83
BRDA:7,0,0,0
BRDA:7,1,0,0
BRDA:17,2,0,2
BRDA:17,2,1,0
BRDA:18,3,0,0
BRDA:18,3,1,2
BRDA:19,4,0,0
BRDA:19,4,1,2
BRDA:19,5,0,2
BRDA:19,5,1,2
BRDA:19,5,2,0
BRDA:30,6,0,1
BRDA:30,6,1,0
BRDA:31,7,0,0
BRDA:31,7,1,1
BRDA:36,8,0,1
BRDA:36,8,1,0
BRDA:42,9,0,3
BRDA:42,9,1,3
BRDA:48,10,0,2
BRDA:48,10,1,2
BRDA:52,11,0,2
BRDA:52,11,1,0
BRDA:64,12,0,1
BRDA:64,12,1,1
BRDA:71,13,0,0
BRDA:71,13,1,1
BRDA:71,14,0,1
BRDA:71,14,1,1
BRDA:80,15,0,1
BRDA:80,15,1,0
BRDA:96,16,0,1
BRDA:96,16,1,1
BRDA:101,17,0,0
BRDA:101,17,1,1
BRDA:112,18,0,0
BRDA:112,18,1,3
BRDA:120,19,0,1
BRDA:120,19,1,0
BRDA:133,20,0,2
BRDA:133,20,1,0
BRDA:133,21,0,2
BRDA:133,21,1,2
BRDA:138,22,0,2
BRDA:138,22,1,0
BRDA:146,23,0,2
BRDA:146,23,1,0
BRDA:149,24,0,2
BRDA:149,24,1,0
BRDA:159,25,0,0
BRDA:159,25,1,0
BRDA:166,26,0,1
BRDA:166,26,1,1
BRDA:166,27,0,2
BRDA:166,27,1,2
BRF:55
BRH:34
end_of_record
TN:
SF:/Users/dengwenbin/myWorkspace/owl-ui/src/utils/create-api/instantiate.js
FN:1,instantiateComponent
FN:25,(anonymous_1)
FN:33,(anonymous_2)
FNF:3
FNH:2
FNDA:10,instantiateComponent
FNDA:10,(anonymous_1)
FNDA:0,(anonymous_2)
DA:5,10
DA:8,10
DA:9,10
DA:10,0
DA:13,10
DA:17,10
DA:20,9
DA:21,9
DA:25,10
DA:26,10
DA:27,10
DA:29,10
DA:30,10
DA:31,10
DA:32,10
DA:33,10
DA:34,0
DA:35,0
DA:37,10
LF:19
LH:16
BRDA:8,0,0,10
BRDA:8,0,1,0
BRDA:9,1,0,0
BRDA:9,1,1,10
BRDA:9,2,0,10
BRDA:9,2,1,0
BRDA:13,3,0,10
BRDA:13,3,1,10
BRF:8
BRH:5
end_of_record
TN:
SF:/Users/dengwenbin/myWorkspace/owl-ui/src/utils/create-api/parse.js
FN:3,parseRenderData
FN:23,parseEvents
FN:25,(anonymous_2)
FNF:3
FNH:2
FNDA:2,parseRenderData
FNDA:2,parseEvents
FNDA:0,(anonymous_2)
DA:4,2
DA:5,2
DA:6,2
DA:7,2
DA:8,2
DA:9,0
DA:10,0
DA:11,0
DA:12,0
DA:13,0
DA:17,2
DA:24,2
DA:25,2
DA:26,0
DA:28,2
LF:15
LH:9
BRDA:3,0,0,0
BRDA:3,1,0,0
BRDA:6,2,0,2
BRDA:6,2,1,0
BRDA:9,3,0,0
BRDA:9,3,1,0
BRDA:11,4,0,0
BRDA:11,4,1,0
BRDA:11,5,0,0
BRDA:11,5,1,0
BRF:10
BRH:1
end_of_record
TN:
SF:/Users/dengwenbin/myWorkspace/owl-ui/packages/drawer/src/main.vue
FNF:0
FNH:0
DA:22,1
DA:68,3
DA:73,1
DA:74,1
LF:4
LH:4
BRDA:73,0,0,0
BRDA:73,0,1,1
BRF:2
BRH:1
end_of_record
TN:
SF:/Users/dengwenbin/myWorkspace/owl-ui/packages/icon/src/main.vue
FNF:0
FNH:0
LF:0
LH:0
BRF:0
BRH:0
end_of_record
TN:
SF:/Users/dengwenbin/myWorkspace/owl-ui/packages/logo/src/main.vue
FNF:0
FNH:0
DA:12,0
LF:1
LH:0
BRF:0
BRH:0
end_of_record
TN:
SF:/Users/dengwenbin/myWorkspace/owl-ui/packages/tabs/src/main.vue
FN:41,(anonymous_0)
FN:59,(anonymous_1)
FN:89,(anonymous_2)
FN:111,(anonymous_3)
FN:253,(anonymous_4)
FNF:5
FNH:0
FNDA:0,(anonymous_0)
FNDA:0,(anonymous_1)
FNDA:0,(anonymous_2)
FNDA:0,(anonymous_3)
FNDA:0,(anonymous_4)
DA:27,0
DA:42,0
DA:60,0
DA:90,0
DA:112,0
DA:122,0
DA:127,0
DA:132,0
DA:133,0
DA:134,0
DA:139,0
DA:146,0
DA:153,0
DA:158,0
DA:163,0
DA:171,0
DA:178,0
DA:179,0
DA:181,0
DA:187,0
DA:188,0
DA:189,0
DA:191,0
DA:192,0
DA:193,0
DA:194,0
DA:195,0
DA:197,0
DA:200,0
DA:201,0
DA:202,0
DA:203,0
DA:204,0
DA:206,0
DA:209,0
DA:212,0
DA:215,0
DA:218,0
DA:219,0
DA:220,0
DA:221,0
DA:222,0
DA:223,0
DA:224,0
DA:225,0
DA:226,0
DA:227,0
DA:228,0
DA:230,0
DA:233,0
DA:234,0
DA:236,0
DA:237,0
DA:239,0
DA:241,0
DA:244,0
DA:248,0
DA:249,0
DA:250,0
DA:252,0
DA:253,0
DA:254,0
LF:62
LH:0
BRDA:132,0,0,0
BRDA:132,0,1,0
BRDA:133,1,0,0
BRDA:133,1,1,0
BRDA:135,2,0,0
BRDA:135,2,1,0
BRDA:164,3,0,0
BRDA:164,3,1,0
BRDA:187,4,0,0
BRDA:187,4,1,0
BRDA:192,5,0,0
BRDA:192,5,1,0
BRDA:194,6,0,0
BRDA:194,6,1,0
BRDA:200,7,0,0
BRDA:200,7,1,0
BRDA:200,8,0,0
BRDA:200,8,1,0
BRDA:201,9,0,0
BRDA:201,9,1,0
BRDA:203,10,0,0
BRDA:203,10,1,0
BRDA:215,11,0,0
BRDA:215,11,1,0
BRDA:215,11,2,0
BRDA:223,12,0,0
BRDA:223,12,1,0
BRDA:223,13,0,0
BRDA:223,13,1,0
BRDA:225,14,0,0
BRDA:225,14,1,0
BRDA:225,15,0,0
BRDA:225,15,1,0
BRDA:227,16,0,0
BRDA:227,16,1,0
BRDA:233,17,0,0
BRDA:233,17,1,0
BRDA:239,18,0,0
BRDA:239,18,1,0
BRDA:252,19,0,0
BRDA:252,19,1,0
BRF:41
BRH:0
end_of_record
TN:
SF:/Users/dengwenbin/myWorkspace/owl-ui/packages/toast/src/main.vue
FN:53,(anonymous_0)
FN:55,(anonymous_1)
FNF:2
FNH:2
FNDA:3,(anonymous_0)
FNDA:1,(anonymous_1)
DA:51,3
DA:52,3
DA:53,3
DA:54,3
DA:55,3
DA:56,1
DA:62,7
DA:63,7
DA:66,7
DA:67,7
DA:70,1
DA:74,6
LF:12
LH:12
BRDA:51,0,0,0
BRDA:51,0,1,3
BRDA:51,1,0,3
BRDA:51,1,1,3
BRDA:54,2,0,3
BRDA:54,2,1,0
BRDA:70,3,0,1
BRDA:70,3,1,0
BRDA:74,4,0,6
BRDA:74,4,1,0
BRF:10
BRH:6
end_of_record
