TN:
SF:/Users/dengwenbin/myWorkspace/owl-ui/src/index.js
FN:8,(anonymous_0)
FN:14,(anonymous_1)
FN:17,(anonymous_2)
FNF:3
FNH:3
FNDA:7,(anonymous_0)
FNDA:1,(anonymous_1)
FNDA:7,(anonymous_2)
DA:4,1
DA:6,1
DA:8,1
DA:9,7
DA:10,7
DA:11,7
DA:14,1
DA:15,1
DA:17,1
DA:18,7
DA:19,7
DA:23,1
DA:24,0
DA:27,1
DA:32,1
LF:15
LH:14
BRDA:11,0,0,7
BRDA:11,0,1,0
BRDA:14,1,0,1
BRDA:15,2,0,0
BRDA:15,2,1,1
BRDA:23,3,0,0
BRDA:23,3,1,1
BRDA:23,4,0,1
BRDA:23,4,1,1
BRF:9
BRH:6
end_of_record
TN:
SF:/Users/dengwenbin/myWorkspace/owl-ui/packages/button/src/main.vue
FNF:0
FNH:0
LF:0
LH:0
BRF:0
BRH:0
end_of_record
TN:
SF:/Users/dengwenbin/myWorkspace/owl-ui/packages/dialog/src/main.vue
FN:50,(anonymous_0)
FNF:1
FNH:1
FNDA:1,(anonymous_0)
DA:50,1
DA:55,0
DA:58,0
LF:3
LH:1
BRDA:55,0,0,0
BRDA:55,0,1,0
BRDA:55,1,0,0
BRDA:55,1,1,0
BRDA:58,2,0,0
BRDA:58,2,1,0
BRF:6
BRH:0
end_of_record
TN:
SF:/Users/dengwenbin/myWorkspace/owl-ui/src/common/mixins/visibility.js
FN:19,(anonymous_0)
FN:23,(anonymous_1)
FNF:2
FNH:2
FNDA:6,(anonymous_0)
FNDA:6,(anonymous_1)
DA:1,1
DA:27,4
DA:33,5
DA:36,2
DA:41,2
DA:42,2
DA:46,6
DA:47,6
DA:48,6
LF:9
LH:9
BRDA:46,0,0,2
BRDA:46,0,1,4
BRDA:47,1,0,6
BRDA:47,1,1,0
BRDA:48,2,0,2
BRDA:48,2,1,4
BRF:6
BRH:5
end_of_record
TN:
SF:/Users/dengwenbin/myWorkspace/owl-ui/src/utils/create-api/index.js
FN:6,install
FN:9,(anonymous_1)
FN:24,processComponentName
FNF:3
FNH:3
FNDA:1,install
FNDA:3,(anonymous_1)
FNDA:3,processComponentName
DA:7,1
DA:9,1
DA:10,3
DA:11,3
DA:12,3
DA:14,3
DA:15,3
DA:19,3
DA:20,3
DA:25,3
DA:26,3
DA:27,3
DA:28,3
DA:29,3
DA:30,3
LF:15
LH:15
BRDA:6,0,0,1
BRDA:7,1,0,1
BRDA:7,2,0,1
BRDA:9,3,0,3
BRDA:10,4,0,3
BRDA:10,4,1,0
BRF:6
BRH:5
end_of_record
TN:
SF:/Users/dengwenbin/myWorkspace/owl-ui/src/utils/create-api/util.js
FN:3,lowerCaseFirst
FN:7,camelize
FN:8,(anonymous_2)
FN:13,escapeReg
FN:17,isBoolean
FN:21,isObject
FN:25,isUndef
FN:29,isStr
FN:33,isFunction
FNF:9
FNH:3
FNDA:3,lowerCaseFirst
FNDA:3,camelize
FNDA:0,(anonymous_2)
FNDA:0,escapeReg
FNDA:3,isBoolean
FNDA:0,isObject
FNDA:0,isUndef
FNDA:0,isStr
FNDA:0,isFunction
DA:1,1
DA:4,3
DA:8,3
DA:9,0
DA:14,0
DA:18,3
DA:22,0
DA:26,0
DA:30,0
DA:34,0
LF:10
LH:4
BRDA:9,0,0,0
BRDA:9,0,1,0
BRDA:14,1,0,0
BRDA:14,1,1,0
BRDA:22,2,0,0
BRDA:22,2,1,0
BRF:6
BRH:0
end_of_record
TN:
SF:/Users/dengwenbin/myWorkspace/owl-ui/src/utils/create-api/debug.js
FN:1,warn
FN:5,assert
FN:11,tip
FNF:3
FNH:1
FNDA:0,warn
FNDA:3,assert
FNDA:0,tip
DA:2,0
DA:6,3
DA:7,0
DA:12,0
LF:4
LH:1
BRDA:6,0,0,0
BRDA:6,0,1,3
BRF:2
BRH:1
end_of_record
TN:
SF:/Users/dengwenbin/myWorkspace/owl-ui/src/utils/create-api/creator.js
FN:7,apiCreator
FN:13,createComponent
FN:14,(anonymous_2)
FN:29,(anonymous_3)
FN:41,(anonymous_4)
FN:47,(anonymous_5)
FN:62,processProps
FN:69,(anonymous_7)
FN:81,(anonymous_8)
FN:83,(anonymous_9)
FN:94,processEvents
FN:99,(anonymous_11)
FN:109,process$
FN:111,(anonymous_13)
FN:119,cancelWatchProps
FN:121,(anonymous_15)
FN:158,(anonymous_16)
FN:170,beforeDestroy
FNF:18
FNH:1
FNDA:3,apiCreator
FNDA:0,createComponent
FNDA:0,(anonymous_2)
FNDA:0,(anonymous_3)
FNDA:0,(anonymous_4)
FNDA:0,(anonymous_5)
FNDA:0,processProps
FNDA:0,(anonymous_7)
FNDA:0,(anonymous_8)
FNDA:0,(anonymous_9)
FNDA:0,processEvents
FNDA:0,(anonymous_11)
FNDA:0,process$
FNDA:0,(anonymous_13)
FNDA:0,cancelWatchProps
FNDA:0,(anonymous_15)
FNDA:0,(anonymous_16)
FNDA:0,beforeDestroy
DA:5,1
DA:8,3
DA:10,3
DA:11,3
DA:14,0
DA:15,0
DA:17,0
DA:18,0
DA:19,0
DA:20,0
DA:21,0
DA:22,0
DA:23,0
DA:25,0
DA:26,0
DA:27,0
DA:29,0
DA:30,0
DA:31,0
DA:32,0
DA:34,0
DA:36,0
DA:37,0
DA:40,0
DA:41,0
DA:42,0
DA:43,0
DA:46,0
DA:47,0
DA:48,0
DA:49,0
DA:52,0
DA:53,0
DA:57,0
DA:59,0
DA:63,0
DA:64,0
DA:65,0
DA:67,0
DA:68,0
DA:69,0
DA:70,0
DA:71,0
DA:73,0
DA:74,0
DA:75,0
DA:77,0
DA:80,0
DA:81,0
DA:82,0
DA:83,0
DA:84,0
DA:86,0
DA:88,0
DA:95,0
DA:96,0
DA:97,0
DA:99,0
DA:100,0
DA:101,0
DA:102,0
DA:104,0
DA:110,0
DA:111,0
DA:112,0
DA:113,0
DA:114,0
DA:120,0
DA:121,0
DA:122,0
DA:124,0
DA:128,3
DA:130,0
DA:133,0
DA:134,0
DA:135,0
DA:138,0
DA:139,0
DA:142,0
DA:143,0
DA:144,0
DA:146,0
DA:148,0
DA:149,0
DA:150,0
DA:154,0
DA:156,0
DA:158,0
DA:159,0
DA:161,0
DA:162,0
DA:164,0
DA:166,0
DA:167,0
DA:171,0
DA:172,0
DA:173,0
DA:176,0
DA:180,3
LF:99
LH:6
BRDA:7,0,0,0
BRDA:7,1,0,0
BRDA:17,2,0,0
BRDA:17,2,1,0
BRDA:18,3,0,0
BRDA:18,3,1,0
BRDA:19,4,0,0
BRDA:19,4,1,0
BRDA:19,5,0,0
BRDA:19,5,1,0
BRDA:19,5,2,0
BRDA:30,6,0,0
BRDA:30,6,1,0
BRDA:31,7,0,0
BRDA:31,7,1,0
BRDA:36,8,0,0
BRDA:36,8,1,0
BRDA:42,9,0,0
BRDA:42,9,1,0
BRDA:48,10,0,0
BRDA:48,10,1,0
BRDA:52,11,0,0
BRDA:52,11,1,0
BRDA:64,12,0,0
BRDA:64,12,1,0
BRDA:71,13,0,0
BRDA:71,13,1,0
BRDA:71,14,0,0
BRDA:71,14,1,0
BRDA:80,15,0,0
BRDA:80,15,1,0
BRDA:96,16,0,0
BRDA:96,16,1,0
BRDA:101,17,0,0
BRDA:101,17,1,0
BRDA:112,18,0,0
BRDA:112,18,1,0
BRDA:120,19,0,0
BRDA:120,19,1,0
BRDA:133,20,0,0
BRDA:133,20,1,0
BRDA:133,21,0,0
BRDA:133,21,1,0
BRDA:138,22,0,0
BRDA:138,22,1,0
BRDA:146,23,0,0
BRDA:146,23,1,0
BRDA:149,24,0,0
BRDA:149,24,1,0
BRDA:159,25,0,0
BRDA:159,25,1,0
BRDA:166,26,0,0
BRDA:166,26,1,0
BRF:53
BRH:0
end_of_record
TN:
SF:/Users/dengwenbin/myWorkspace/owl-ui/src/utils/create-api/instantiate.js
FN:1,instantiateComponent
FN:25,(anonymous_1)
FN:33,(anonymous_2)
FNF:3
FNH:0
FNDA:0,instantiateComponent
FNDA:0,(anonymous_1)
FNDA:0,(anonymous_2)
DA:5,0
DA:8,0
DA:9,0
DA:10,0
DA:13,0
DA:17,0
DA:20,0
DA:21,0
DA:25,0
DA:26,0
DA:27,0
DA:29,0
DA:30,0
DA:31,0
DA:32,0
DA:33,0
DA:34,0
DA:35,0
DA:37,0
LF:19
LH:0
BRDA:8,0,0,0
BRDA:8,0,1,0
BRDA:9,1,0,0
BRDA:9,1,1,0
BRDA:9,2,0,0
BRDA:9,2,1,0
BRDA:13,3,0,0
BRDA:13,3,1,0
BRF:8
BRH:0
end_of_record
TN:
SF:/Users/dengwenbin/myWorkspace/owl-ui/src/utils/create-api/parse.js
FN:3,parseRenderData
FN:22,parseEvents
FN:24,(anonymous_2)
FNF:3
FNH:0
FNDA:0,parseRenderData
FNDA:0,parseEvents
FNDA:0,(anonymous_2)
DA:4,0
DA:5,0
DA:6,0
DA:7,0
DA:8,0
DA:9,0
DA:10,0
DA:11,0
DA:12,0
DA:16,0
DA:23,0
DA:24,0
DA:25,0
DA:27,0
LF:14
LH:0
BRDA:3,0,0,0
BRDA:3,1,0,0
BRDA:8,2,0,0
BRDA:8,2,1,0
BRDA:10,3,0,0
BRDA:10,3,1,0
BRF:6
BRH:0
end_of_record
TN:
SF:/Users/dengwenbin/myWorkspace/owl-ui/packages/drawer/src/main.vue
FNF:0
FNH:0
DA:22,1
DA:68,3
DA:73,1
DA:74,1
LF:4
LH:4
BRDA:73,0,0,0
BRDA:73,0,1,1
BRF:2
BRH:1
end_of_record
TN:
SF:/Users/dengwenbin/myWorkspace/owl-ui/packages/icon/src/main.vue
FNF:0
FNH:0
LF:0
LH:0
BRF:0
BRH:0
end_of_record
TN:
SF:/Users/dengwenbin/myWorkspace/owl-ui/packages/logo/src/main.vue
FNF:0
FNH:0
DA:12,0
LF:1
LH:0
BRF:0
BRH:0
end_of_record
TN:
SF:/Users/dengwenbin/myWorkspace/owl-ui/packages/tabs/src/main.vue
FN:41,(anonymous_0)
FN:59,(anonymous_1)
FN:89,(anonymous_2)
FN:111,(anonymous_3)
FN:253,(anonymous_4)
FNF:5
FNH:0
FNDA:0,(anonymous_0)
FNDA:0,(anonymous_1)
FNDA:0,(anonymous_2)
FNDA:0,(anonymous_3)
FNDA:0,(anonymous_4)
DA:27,0
DA:42,0
DA:60,0
DA:90,0
DA:112,0
DA:122,0
DA:127,0
DA:132,0
DA:133,0
DA:134,0
DA:139,0
DA:146,0
DA:153,0
DA:158,0
DA:163,0
DA:171,0
DA:178,0
DA:179,0
DA:181,0
DA:187,0
DA:188,0
DA:189,0
DA:191,0
DA:192,0
DA:193,0
DA:194,0
DA:195,0
DA:197,0
DA:200,0
DA:201,0
DA:202,0
DA:203,0
DA:204,0
DA:206,0
DA:209,0
DA:212,0
DA:215,0
DA:218,0
DA:219,0
DA:220,0
DA:221,0
DA:222,0
DA:223,0
DA:224,0
DA:225,0
DA:226,0
DA:227,0
DA:228,0
DA:230,0
DA:233,0
DA:234,0
DA:236,0
DA:237,0
DA:239,0
DA:241,0
DA:244,0
DA:248,0
DA:249,0
DA:250,0
DA:252,0
DA:253,0
DA:254,0
LF:62
LH:0
BRDA:132,0,0,0
BRDA:132,0,1,0
BRDA:133,1,0,0
BRDA:133,1,1,0
BRDA:135,2,0,0
BRDA:135,2,1,0
BRDA:164,3,0,0
BRDA:164,3,1,0
BRDA:187,4,0,0
BRDA:187,4,1,0
BRDA:192,5,0,0
BRDA:192,5,1,0
BRDA:194,6,0,0
BRDA:194,6,1,0
BRDA:200,7,0,0
BRDA:200,7,1,0
BRDA:200,8,0,0
BRDA:200,8,1,0
BRDA:201,9,0,0
BRDA:201,9,1,0
BRDA:203,10,0,0
BRDA:203,10,1,0
BRDA:215,11,0,0
BRDA:215,11,1,0
BRDA:215,11,2,0
BRDA:223,12,0,0
BRDA:223,12,1,0
BRDA:223,13,0,0
BRDA:223,13,1,0
BRDA:225,14,0,0
BRDA:225,14,1,0
BRDA:225,15,0,0
BRDA:225,15,1,0
BRDA:227,16,0,0
BRDA:227,16,1,0
BRDA:233,17,0,0
BRDA:233,17,1,0
BRDA:239,18,0,0
BRDA:239,18,1,0
BRDA:252,19,0,0
BRDA:252,19,1,0
BRF:41
BRH:0
end_of_record
TN:
SF:/Users/dengwenbin/myWorkspace/owl-ui/packages/toast/src/main.vue
FN:45,(anonymous_0)
FN:47,(anonymous_1)
FNF:2
FNH:0
FNDA:0,(anonymous_0)
FNDA:0,(anonymous_1)
DA:44,0
DA:45,0
DA:46,0
DA:47,0
DA:48,0
DA:54,0
DA:55,0
DA:58,0
DA:59,0
LF:9
LH:0
BRDA:46,0,0,0
BRDA:46,0,1,0
BRF:2
BRH:0
end_of_record
